TPOSE SEQ NOF2 /tmp/RtmpHDJaF0/cspade76c24529e99c.data 0.100000 6 1 1 F1stats = [ 30 0 0 0.000025 ] 0.000028 0.000022 0.000185
CONF 6 31 1 5
MINSUPPORT 1 6
MINMAX 1 6
1 SUPP 1
2 SUPP 1
3 SUPP 1
4 SUPP 1
5 SUPP 1
6 SUPP 1
7 SUPP 1
8 SUPP 1
9 SUPP 1
10 SUPP 1
11 SUPP 1
12 SUPP 1
13 SUPP 1
14 SUPP 1
15 SUPP 1
16 SUPP 1
17 SUPP 1
18 SUPP 1
19 SUPP 1
20 SUPP 1
21 SUPP 1
22 SUPP 1
23 SUPP 1
24 SUPP 1
25 SUPP 1
26 SUPP 1
27 SUPP 1
28 SUPP 1
29 SUPP 1
30 SUPP 1
numfreq 30 :  2.5034e-05 SUMSUP SUMDIFF = 0 0
EXTRARYSZ 328772
OPENED /tmp/RtmpHDJaF0/cspade76c24529e99c.idx
OFF 31 60
Wrote Offt 2.19345e-05
BOUNDS 1 7
WROTE INVERT 2.81334e-05
Total elapsed time 0.000185013
SPADE /tmp/RtmpHDJaF0/cspade76c24529e99c.tpose 0.100000 1 42 0.000048 0 0 0 0 0 -1 2 10 3 : 30 36 6 0 : 0.000036 0.000078 0.000070 0.000226
TPOSE SEQ NOF2 /tmp/RtmpHDJaF0/cspade76c237d6ef61.data 0.100000 6 1 1 F1stats = [ 30 0 0 0.000023 ] 0.000026 0.000020 0.000159
CONF 6 31 1 5
MINSUPPORT 1 6
MINMAX 1 6
1 SUPP 1
2 SUPP 1
3 SUPP 1
4 SUPP 1
5 SUPP 1
6 SUPP 1
7 SUPP 1
8 SUPP 1
9 SUPP 1
10 SUPP 1
11 SUPP 1
12 SUPP 1
13 SUPP 1
14 SUPP 1
15 SUPP 1
16 SUPP 1
17 SUPP 1
18 SUPP 1
19 SUPP 1
20 SUPP 1
21 SUPP 1
22 SUPP 1
23 SUPP 1
24 SUPP 1
25 SUPP 1
26 SUPP 1
27 SUPP 1
28 SUPP 1
29 SUPP 1
30 SUPP 1
numfreq 30 :  2.31266e-05 SUMSUP SUMDIFF = 0 0
EXTRARYSZ 328772
OPENED /tmp/RtmpHDJaF0/cspade76c237d6ef61.idx
OFF 31 60
Wrote Offt 1.97887e-05
BOUNDS 1 7
WROTE INVERT 2.59876e-05
Total elapsed time 0.000159025
SPADE /tmp/RtmpHDJaF0/cspade76c237d6ef61.tpose 0.100000 1 42 0.000044 0 0 0 0 0 -1 2 10 3 : 30 36 6 0 : 0.000034 0.000072 0.000065 0.000211
TPOSE SEQ NOF2 /tmp/RtmpHDJaF0/cspade76c22d23230.data 0.100000 6 1 1 F1stats = [ 30 0 0 0.000081 ] 0.000091 0.000065 0.000527
CONF 6 31 1 5
MINSUPPORT 1 6
MINMAX 1 6
1 SUPP 1
2 SUPP 1
3 SUPP 1
4 SUPP 1
5 SUPP 1
6 SUPP 1
7 SUPP 1
8 SUPP 1
9 SUPP 1
10 SUPP 1
11 SUPP 1
12 SUPP 1
13 SUPP 1
14 SUPP 1
15 SUPP 1
16 SUPP 1
17 SUPP 1
18 SUPP 1
19 SUPP 1
20 SUPP 1
21 SUPP 1
22 SUPP 1
23 SUPP 1
24 SUPP 1
25 SUPP 1
26 SUPP 1
27 SUPP 1
28 SUPP 1
29 SUPP 1
30 SUPP 1
numfreq 30 :  8.08239e-05 SUMSUP SUMDIFF = 0 0
EXTRARYSZ 328772
OPENED /tmp/RtmpHDJaF0/cspade76c22d23230.idx
OFF 31 60
Wrote Offt 6.48499e-05
BOUNDS 1 7
WROTE INVERT 9.08375e-05
Total elapsed time 0.000526905
SPADE /tmp/RtmpHDJaF0/cspade76c22d23230.tpose 0.100000 1 42 0.000165 0 0 0 0 0 -1 2 10 3 : 30 36 6 0 : 0.000120 0.000245 0.000233 0.000720
TPOSE SEQ NOF2 /tmp/RtmpxQh3tJ/cspade1e5b3af57300.data 0.100000 6 1 1 F1stats = [ 11 0 0 0.000012 ] 0.000016 0.000021 0.000127
CONF 6 12 2.96667 5
MINSUPPORT 1 6
MINMAX 1 6
1 SUPP 5
2 SUPP 5
3 SUPP 6
4 SUPP 5
5 SUPP 2
6 SUPP 3
7 SUPP 5
8 SUPP 4
9 SUPP 6
10 SUPP 6
11 SUPP 5
numfreq 11 :  1.21593e-05 SUMSUP SUMDIFF = 0 0
EXTRARYSZ 896651
OPENED /tmp/RtmpxQh3tJ/cspade1e5b3af57300.idx
OFF 12 178
Wrote Offt 2.09808e-05
BOUNDS 1 7
WROTE INVERT 1.5974e-05
Total elapsed time 0.000127077
SPADE /tmp/RtmpxQh3tJ/cspade1e5b3af57300.tpose 0.100000 1 6871 0.000192 0 0 0 0 0 -1 2 10 3 : 11 152 641 1101 1177 908 524 223 66 12 1 0 : 0.000016 0.000031 0.006739 0.006825
TPOSE SEQ NOF2 /tmp/RtmpRLUplE/cspade1ef3704940c6.data 0.100000 6 1 1 F1stats = [ 11 0 0 0.000011 ] 0.000015 0.000023 0.000128
CONF 6 12 2.96667 5
MINSUPPORT 1 6
MINMAX 1 6
1 SUPP 5
2 SUPP 5
3 SUPP 6
4 SUPP 5
5 SUPP 2
6 SUPP 3
7 SUPP 5
8 SUPP 4
9 SUPP 6
10 SUPP 6
11 SUPP 5
numfreq 11 :  1.09673e-05 SUMSUP SUMDIFF = 0 0
EXTRARYSZ 896651
OPENED /tmp/RtmpRLUplE/cspade1ef3704940c6.idx
OFF 12 178
Wrote Offt 2.31266e-05
BOUNDS 1 7
WROTE INVERT 1.50204e-05
Total elapsed time 0.000128031
SPADE /tmp/RtmpRLUplE/cspade1ef3704940c6.tpose 0.100000 1 6871 0.000194 0 0 0 0 0 -1 2 10 3 : 11 152 641 1101 1177 908 524 223 66 12 1 0 : 0.000016 0.000031 0.006761 0.006849
TPOSE SEQ NOF2 /tmp/RtmpDGOjSD/cspade1f8116e9e17e.data 0.100000 6 1 1 F1stats = [ 11 0 0 0.000012 ] 0.000016 0.000020 0.000127
CONF 6 12 2.96667 5
MINSUPPORT 1 6
MINMAX 1 6
1 SUPP 5
2 SUPP 5
3 SUPP 6
4 SUPP 5
5 SUPP 2
6 SUPP 3
7 SUPP 5
8 SUPP 4
9 SUPP 6
10 SUPP 6
11 SUPP 5
numfreq 11 :  1.19209e-05 SUMSUP SUMDIFF = 0 0
EXTRARYSZ 896651
OPENED /tmp/RtmpDGOjSD/cspade1f8116e9e17e.idx
OFF 12 178
Wrote Offt 2.00272e-05
BOUNDS 1 7
WROTE INVERT 1.62125e-05
Total elapsed time 0.000127077
SPADE /tmp/RtmpDGOjSD/cspade1f8116e9e17e.tpose 0.100000 1 6871 0.000193 0 0 0 0 0 -1 2 10 3 : 11 152 641 1101 1177 908 524 223 66 12 1 0 : 0.000016 0.000031 0.006825 0.006912
TPOSE SEQ NOF2 /tmp/RtmpnH2fRj/cspade20fa4c076c36.data 0.100000 6 1 1 F1stats = [ 11 0 0 0.000011 ] 0.000015 0.000022 0.000127
CONF 6 12 2.96667 5
MINSUPPORT 1 6
MINMAX 1 6
1 SUPP 5
2 SUPP 5
3 SUPP 6
4 SUPP 5
5 SUPP 2
6 SUPP 3
7 SUPP 5
8 SUPP 4
9 SUPP 6
10 SUPP 6
11 SUPP 5
numfreq 11 :  1.09673e-05 SUMSUP SUMDIFF = 0 0
EXTRARYSZ 896651
OPENED /tmp/RtmpnH2fRj/cspade20fa4c076c36.idx
OFF 12 178
Wrote Offt 2.19345e-05
BOUNDS 1 7
WROTE INVERT 1.50204e-05
Total elapsed time 0.000127077
SPADE /tmp/RtmpnH2fRj/cspade20fa4c076c36.tpose 0.100000 1 6871 0.000196 0 0 0 0 0 -1 2 10 3 : 11 152 641 1101 1177 908 524 223 66 12 1 0 : 0.000016 0.000032 0.006707 0.006798
TPOSE SEQ NOF2 /tmp/RtmpxjE5lt/cspade21fe68234bd0.data 0.100000 6 1 1 F1stats = [ 11 0 0 0.000011 ] 0.000015 0.000020 0.000124
CONF 6 12 2.96667 5
MINSUPPORT 1 6
MINMAX 1 6
1 SUPP 5
2 SUPP 5
3 SUPP 6
4 SUPP 5
5 SUPP 2
6 SUPP 3
7 SUPP 5
8 SUPP 4
9 SUPP 6
10 SUPP 6
11 SUPP 5
numfreq 11 :  1.09673e-05 SUMSUP SUMDIFF = 0 0
EXTRARYSZ 896651
OPENED /tmp/RtmpxjE5lt/cspade21fe68234bd0.idx
OFF 12 178
Wrote Offt 1.97887e-05
BOUNDS 1 7
WROTE INVERT 1.50204e-05
Total elapsed time 0.000123978
SPADE /tmp/RtmpxjE5lt/cspade21fe68234bd0.tpose 0.100000 1 6871 0.000196 0 0 0 0 0 -1 2 10 3 : 11 152 641 1101 1177 908 524 223 66 12 1 0 : 0.000016 0.000031 0.006810 0.006893
TPOSE SEQ NOF2 /tmp/RtmpKiZiN8/cspade55355c30dd02.data 0.100000 6 1 1 F1stats = [ 11 0 0 0.000011 ] 0.000015 0.000023 0.000127
CONF 6 12 2.96667 5
MINSUPPORT 1 6
MINMAX 1 6
1 SUPP 5
2 SUPP 5
3 SUPP 6
4 SUPP 5
5 SUPP 2
6 SUPP 3
7 SUPP 5
8 SUPP 4
9 SUPP 6
10 SUPP 6
11 SUPP 5
numfreq 11 :  1.09673e-05 SUMSUP SUMDIFF = 0 0
EXTRARYSZ 896651
OPENED /tmp/RtmpKiZiN8/cspade55355c30dd02.idx
OFF 12 178
Wrote Offt 2.28882e-05
BOUNDS 1 7
WROTE INVERT 1.50204e-05
Total elapsed time 0.000126839
SPADE /tmp/RtmpKiZiN8/cspade55355c30dd02.tpose 0.100000 1 6871 0.000194 0 0 0 0 0 -1 2 10 3 : 11 152 641 1101 1177 908 524 223 66 12 1 0 : 0.000016 0.000032 0.006756 0.006848
